2025-05-16 18:55:24,697 - INFO - Database initialized successfully
2025-05-16 18:55:29,385 - INFO - Database initialized successfully
2025-05-16 18:56:32,901 - INFO - Database initialized successfully
2025-05-16 18:56:41,337 - INFO - Database initialized successfully
2025-05-16 18:57:33,903 - INFO - Database initialized successfully
2025-05-16 18:57:36,980 - INFO - Database initialized successfully
2025-05-16 18:57:37,077 - INFO - Database initialized successfully
2025-05-16 18:57:39,757 - INFO - Database initialized successfully
2025-05-16 18:57:39,859 - INFO - Database initialized successfully
2025-05-16 18:58:18,382 - INFO - Database initialized successfully
2025-05-16 18:58:18,401 - INFO - User 'Zoro_1' created successfully
2025-05-16 18:58:18,534 - INFO - Database initialized successfully
2025-05-16 18:58:42,386 - INFO - Database initialized successfully
2025-05-16 18:58:42,403 - INFO - User 'Zoro_1' logged in successfully
2025-05-16 18:58:42,498 - INFO - Database initialized successfully
2025-05-16 18:58:49,686 - INFO - Database initialized successfully
2025-05-16 18:59:57,076 - INFO - Database initialized successfully
2025-05-16 19:00:07,950 - INFO - Database initialized successfully
2025-05-16 19:00:07,956 - WARNING - Failed login attempt for user 'zoe'
2025-05-16 19:00:13,736 - INFO - Database initialized successfully
2025-05-16 19:00:13,746 - INFO - User 'Zoro_1' logged in successfully
2025-05-16 19:00:13,885 - INFO - Database initialized successfully
2025-05-16 19:00:16,648 - INFO - Database initialized successfully
2025-05-16 19:00:16,751 - INFO - Database initialized successfully
2025-05-16 19:01:31,755 - INFO - Database initialized successfully
2025-05-16 19:03:42,499 - INFO - Database initialized successfully
2025-05-16 19:03:44,644 - INFO - Database initialized successfully
2025-05-16 19:04:06,314 - INFO - Database initialized successfully
2025-05-16 19:05:17,287 - INFO - Database initialized successfully
2025-05-16 19:05:19,743 - INFO - Database initialized successfully
2025-05-16 19:05:19,920 - INFO - Database initialized successfully
2025-05-16 19:06:40,768 - INFO - Database initialized successfully
2025-05-16 19:07:34,255 - INFO - Database initialized successfully
2025-05-16 19:07:34,565 - INFO - Database initialized successfully
2025-05-16 19:07:40,370 - INFO - Database initialized successfully
2025-05-16 19:07:40,530 - INFO - Database initialized successfully
2025-05-16 19:08:18,278 - INFO - Database initialized successfully
2025-05-16 19:08:44,690 - INFO - Database initialized successfully
2025-05-16 19:09:55,060 - INFO - Database initialized successfully
2025-05-16 19:11:49,412 - INFO - Database initialized successfully
2025-05-16 19:13:18,128 - INFO - Database initialized successfully
2025-05-16 19:13:34,244 - INFO - Database initialized successfully
2025-05-16 19:13:34,417 - INFO - Database initialized successfully
2025-05-16 19:14:05,821 - INFO - Database initialized successfully
2025-05-16 19:14:47,823 - INFO - Database initialized successfully
2025-05-16 19:14:48,033 - INFO - Database initialized successfully
2025-05-16 19:15:21,249 - INFO - Database initialized successfully
2025-05-16 19:15:47,112 - INFO - Database initialized successfully
2025-05-16 19:17:19,377 - INFO - Database initialized successfully
2025-05-16 19:17:35,923 - INFO - Database initialized successfully
2025-05-16 19:18:42,011 - INFO - Database initialized successfully
2025-05-16 19:19:46,032 - INFO - Database initialized successfully
2025-05-16 19:19:58,687 - INFO - Database initialized successfully
2025-05-16 19:21:39,950 - INFO - Database initialized successfully
2025-05-16 19:22:46,256 - INFO - Database initialized successfully
2025-05-16 19:23:34,768 - INFO - Database initialized successfully
2025-05-16 19:23:44,633 - INFO - Database initialized successfully
2025-05-16 19:24:10,130 - INFO - Database initialized successfully
2025-05-16 19:24:11,371 - INFO - Database initialized successfully
2025-05-16 19:24:11,891 - INFO - Database initialized successfully
2025-05-16 19:24:12,604 - INFO - Database initialized successfully
2025-05-16 19:24:22,653 - INFO - Database initialized successfully
2025-05-16 19:24:24,303 - INFO - Database initialized successfully
2025-05-16 19:24:25,237 - INFO - Database initialized successfully
2025-05-16 19:24:27,455 - INFO - Database initialized successfully
2025-05-16 19:26:22,155 - INFO - Database initialized successfully
2025-05-16 19:26:23,316 - INFO - Database initialized successfully
2025-05-16 19:26:24,135 - INFO - Database initialized successfully
2025-05-16 19:26:36,841 - INFO - Database initialized successfully
2025-05-16 19:27:56,391 - INFO - Database initialized successfully
2025-05-16 19:29:13,275 - INFO - Database initialized successfully
2025-05-16 19:29:25,904 - INFO - Database initialized successfully
2025-05-16 19:29:28,816 - INFO - Database initialized successfully
2025-05-16 19:29:28,946 - INFO - Database initialized successfully
2025-05-16 19:29:32,623 - INFO - Database initialized successfully
2025-05-16 19:29:32,757 - INFO - Database initialized successfully
2025-05-16 19:30:03,855 - INFO - Database initialized successfully
2025-05-16 19:30:17,933 - INFO - Database initialized successfully
2025-05-16 19:30:18,094 - INFO - Database initialized successfully
2025-05-16 19:30:21,883 - INFO - Database initialized successfully
2025-05-16 19:30:22,028 - INFO - Database initialized successfully
2025-05-16 19:30:32,808 - INFO - Database initialized successfully
2025-05-16 19:30:32,953 - INFO - Database initialized successfully
2025-05-16 19:31:04,124 - INFO - Database initialized successfully
2025-05-16 19:31:04,139 - WARNING - Username 'Zoro_1' already exists
2025-05-16 19:31:09,615 - INFO - Database initialized successfully
2025-05-16 19:31:09,631 - INFO - User 'Zoro_12' created successfully
2025-05-16 19:31:09,753 - INFO - Database initialized successfully
2025-05-16 19:31:23,067 - INFO - Database initialized successfully
2025-05-16 19:31:23,082 - INFO - User 'Zoro_12' logged in successfully
2025-05-16 19:31:23,201 - INFO - Database initialized successfully
2025-05-16 19:31:26,304 - INFO - Database initialized successfully
2025-05-16 19:31:26,405 - INFO - Database initialized successfully
2025-05-16 19:31:43,616 - INFO - Database initialized successfully
2025-05-16 19:31:43,634 - INFO - User 'Zoro_12' logged in successfully
2025-05-16 19:31:43,893 - INFO - Database initialized successfully
2025-05-16 19:34:09,076 - INFO - Database initialized successfully
2025-05-16 19:35:10,850 - INFO - Database initialized successfully
2025-05-16 19:35:13,516 - INFO - Database initialized successfully
2025-05-16 19:35:16,971 - INFO - Database initialized successfully
2025-05-16 19:35:23,681 - INFO - Database initialized successfully
2025-05-16 19:35:24,834 - INFO - Database initialized successfully
2025-05-16 19:36:48,360 - INFO - Database initialized successfully
2025-05-16 19:38:52,613 - INFO - Database initialized successfully
2025-05-16 19:40:36,337 - INFO - Database initialized successfully
2025-05-16 19:42:15,077 - INFO - Database initialized successfully
2025-05-16 19:43:00,792 - INFO - Database initialized successfully
2025-05-16 19:43:07,014 - INFO - Database initialized successfully
2025-05-16 19:43:07,265 - INFO - Database initialized successfully
2025-05-16 19:43:21,424 - INFO - Database initialized successfully
2025-05-16 19:43:21,462 - INFO - User 'Zoro_12' logged in successfully
2025-05-16 19:43:21,682 - INFO - Database initialized successfully
2025-05-16 19:45:52,987 - INFO - Database initialized successfully
2025-05-16 19:46:09,227 - INFO - Database initialized successfully
2025-05-16 19:46:10,617 - INFO - Database initialized successfully
2025-05-16 19:46:12,374 - INFO - Database initialized successfully
2025-05-16 19:55:02,387 - INFO - Database initialized successfully
2025-05-16 19:57:45,098 - INFO - Database initialized successfully
2025-05-16 19:58:38,945 - INFO - Database initialized successfully
2025-05-16 19:58:58,766 - INFO - Database initialized successfully
2025-05-16 20:00:31,923 - INFO - Database initialized successfully
2025-05-16 20:01:17,883 - INFO - Database initialized successfully
2025-05-16 20:01:27,164 - INFO - Database initialized successfully
2025-05-16 20:02:10,987 - INFO - Database initialized successfully
2025-05-16 20:02:12,097 - INFO - Database initialized successfully
2025-05-16 20:02:13,514 - INFO - Database initialized successfully
2025-05-16 20:02:15,224 - INFO - Database initialized successfully
2025-05-16 20:02:16,695 - INFO - Database initialized successfully
2025-05-16 20:03:07,716 - INFO - Database initialized successfully
2025-05-16 20:03:46,887 - INFO - Database initialized successfully
2025-05-16 20:03:59,680 - INFO - Database initialized successfully
2025-05-16 20:04:02,676 - INFO - Database initialized successfully
